running develop
/usr/lib/python3/dist-packages/setuptools/command/easy_install.py:158: EasyInstallDeprecationWarning: easy_install command is deprecated. Use build and pip and other standards-based tools.
  warnings.warn(
running egg_info
creating example_topic_rclpy.egg-info
writing example_topic_rclpy.egg-info/PKG-INFO
writing dependency_links to example_topic_rclpy.egg-info/dependency_links.txt
writing entry points to example_topic_rclpy.egg-info/entry_points.txt
writing requirements to example_topic_rclpy.egg-info/requires.txt
writing top-level names to example_topic_rclpy.egg-info/top_level.txt
writing manifest file 'example_topic_rclpy.egg-info/SOURCES.txt'
reading manifest file 'example_topic_rclpy.egg-info/SOURCES.txt'
writing manifest file 'example_topic_rclpy.egg-info/SOURCES.txt'
running build_ext
Creating /home/dbink/d2lros2/chapt3/chapt3_ws/install/example_topic_rclpy/lib/python3.10/site-packages/example-topic-rclpy.egg-link (link to .)
Installing topic_publisher_02 script to /home/dbink/d2lros2/chapt3/chapt3_ws/install/example_topic_rclpy/lib/example_topic_rclpy
Installing topic_subscribe_02 script to /home/dbink/d2lros2/chapt3/chapt3_ws/install/example_topic_rclpy/lib/example_topic_rclpy

Installed /home/dbink/d2lros2/chapt3/chapt3_ws/build/example_topic_rclpy
running symlink_data
creating /home/dbink/d2lros2/chapt3/chapt3_ws/install/example_topic_rclpy/share/ament_index
creating /home/dbink/d2lros2/chapt3/chapt3_ws/install/example_topic_rclpy/share/ament_index/resource_index
creating /home/dbink/d2lros2/chapt3/chapt3_ws/install/example_topic_rclpy/share/ament_index/resource_index/packages
symbolically linking /home/dbink/d2lros2/chapt3/chapt3_ws/build/example_topic_rclpy/resource/example_topic_rclpy -> /home/dbink/d2lros2/chapt3/chapt3_ws/install/example_topic_rclpy/share/ament_index/resource_index/packages
symbolically linking /home/dbink/d2lros2/chapt3/chapt3_ws/build/example_topic_rclpy/package.xml -> /home/dbink/d2lros2/chapt3/chapt3_ws/install/example_topic_rclpy/share/example_topic_rclpy
