[1.256s] Invoking command in '/home/dbink/d2lros2/chapt3/chapt3_ws/build/example_topic_rclpy': PYTHONPATH=/home/dbink/d2lros2/chapt3/chapt3_ws/build/example_topic_rclpy/prefix_override:/home/dbink/d2lros2/chapt3/chapt3_ws/install/example_topic_rclpy/lib/python3.10/site-packages:${PYTHONPATH} /usr/bin/python3 -W ignore:setup.py install is deprecated setup.py develop --editable --build-directory /home/dbink/d2lros2/chapt3/chapt3_ws/build/example_topic_rclpy/build --no-deps symlink_data
[1.557s] running develop
[1.558s] /usr/lib/python3/dist-packages/setuptools/command/easy_install.py:158: EasyInstallDeprecationWarning: easy_install command is deprecated. Use build and pip and other standards-based tools.
[1.558s]   warnings.warn(
[1.711s] running egg_info
[1.712s] creating example_topic_rclpy.egg-info
[1.712s] writing example_topic_rclpy.egg-info/PKG-INFO
[1.712s] writing dependency_links to example_topic_rclpy.egg-info/dependency_links.txt
[1.713s] writing entry points to example_topic_rclpy.egg-info/entry_points.txt
[1.713s] writing requirements to example_topic_rclpy.egg-info/requires.txt
[1.713s] writing top-level names to example_topic_rclpy.egg-info/top_level.txt
[1.713s] writing manifest file 'example_topic_rclpy.egg-info/SOURCES.txt'
[1.715s] reading manifest file 'example_topic_rclpy.egg-info/SOURCES.txt'
[1.716s] writing manifest file 'example_topic_rclpy.egg-info/SOURCES.txt'
[1.719s] running build_ext
[1.719s] Creating /home/dbink/d2lros2/chapt3/chapt3_ws/install/example_topic_rclpy/lib/python3.10/site-packages/example-topic-rclpy.egg-link (link to .)
[1.720s] Installing topic_publisher_02 script to /home/dbink/d2lros2/chapt3/chapt3_ws/install/example_topic_rclpy/lib/example_topic_rclpy
[1.721s] Installing topic_subscribe_02 script to /home/dbink/d2lros2/chapt3/chapt3_ws/install/example_topic_rclpy/lib/example_topic_rclpy
[1.721s] 
[1.721s] Installed /home/dbink/d2lros2/chapt3/chapt3_ws/build/example_topic_rclpy
[1.721s] running symlink_data
[1.722s] creating /home/dbink/d2lros2/chapt3/chapt3_ws/install/example_topic_rclpy/share/ament_index
[1.722s] creating /home/dbink/d2lros2/chapt3/chapt3_ws/install/example_topic_rclpy/share/ament_index/resource_index
[1.722s] creating /home/dbink/d2lros2/chapt3/chapt3_ws/install/example_topic_rclpy/share/ament_index/resource_index/packages
[1.722s] symbolically linking /home/dbink/d2lros2/chapt3/chapt3_ws/build/example_topic_rclpy/resource/example_topic_rclpy -> /home/dbink/d2lros2/chapt3/chapt3_ws/install/example_topic_rclpy/share/ament_index/resource_index/packages
[1.722s] symbolically linking /home/dbink/d2lros2/chapt3/chapt3_ws/build/example_topic_rclpy/package.xml -> /home/dbink/d2lros2/chapt3/chapt3_ws/install/example_topic_rclpy/share/example_topic_rclpy
[1.766s] Invoked command in '/home/dbink/d2lros2/chapt3/chapt3_ws/build/example_topic_rclpy' returned '0': PYTHONPATH=/home/dbink/d2lros2/chapt3/chapt3_ws/build/example_topic_rclpy/prefix_override:/home/dbink/d2lros2/chapt3/chapt3_ws/install/example_topic_rclpy/lib/python3.10/site-packages:${PYTHONPATH} /usr/bin/python3 -W ignore:setup.py install is deprecated setup.py develop --editable --build-directory /home/dbink/d2lros2/chapt3/chapt3_ws/build/example_topic_rclpy/build --no-deps symlink_data
