[0.246s] DEBUG:colcon:Command line arguments: ['/usr/bin/colcon', 'build', '--symlink-install']
[0.246s] DEBUG:colcon:Parsed command line arguments: Namespace(log_base=None, log_level=None, verb_name='build', build_base='build', install_base='install', merge_install=False, symlink_install=True, test_result_base=None, continue_on_error=False, executor='parallel', parallel_workers=12, event_handlers=None, ignore_user_meta=False, metas=['./colcon.meta'], base_paths=['.'], packages_ignore=None, packages_ignore_regex=None, paths=None, packages_up_to=None, packages_up_to_regex=None, packages_above=None, packages_above_and_dependencies=None, packages_above_depth=None, packages_select_by_dep=None, packages_skip_by_dep=None, packages_skip_up_to=None, packages_select_build_failed=False, packages_skip_build_finished=False, packages_select_test_failures=False, packages_skip_test_passed=False, packages_select=None, packages_skip=None, packages_select_regex=None, packages_skip_regex=None, packages_start=None, packages_end=None, allow_overriding=[], cmake_args=None, cmake_target=None, cmake_target_skip_unavailable=False, cmake_clean_cache=False, cmake_clean_first=False, cmake_force_configure=False, ament_cmake_args=None, catkin_cmake_args=None, catkin_skip_building_tests=False, verb_parser=<colcon_defaults.argument_parser.defaults.DefaultArgumentsDecorator object at 0x7f578f1a32b0>, verb_extension=<colcon_core.verb.build.BuildVerb object at 0x7f578f2dfd90>, main=<bound method BuildVerb.main of <colcon_core.verb.build.BuildVerb object at 0x7f578f2dfd90>>)
[0.419s] Level 1:colcon.colcon_core.package_discovery:discover_packages(colcon_meta) check parameters
[0.419s] Level 1:colcon.colcon_core.package_discovery:discover_packages(recursive) check parameters
[0.419s] Level 1:colcon.colcon_core.package_discovery:discover_packages(ignore) check parameters
[0.419s] Level 1:colcon.colcon_core.package_discovery:discover_packages(path) check parameters
[0.419s] Level 1:colcon.colcon_core.package_discovery:discover_packages(colcon_meta) discover
[0.419s] Level 1:colcon.colcon_core.package_discovery:discover_packages(recursive) discover
[0.419s] INFO:colcon.colcon_core.package_discovery:Crawling recursively for packages in '/home/dbink/d2lros2/chapt3/chapt3_ws'
[0.419s] Level 1:colcon.colcon_core.package_identification:_identify(.) by extensions ['ignore', 'ignore_ament_install']
[0.419s] Level 1:colcon.colcon_core.package_identification:_identify(.) by extension 'ignore'
[0.419s] Level 1:colcon.colcon_core.package_identification:_identify(.) by extension 'ignore_ament_install'
[0.420s] Level 1:colcon.colcon_core.package_identification:_identify(.) by extensions ['colcon_pkg']
[0.420s] Level 1:colcon.colcon_core.package_identification:_identify(.) by extension 'colcon_pkg'
[0.420s] Level 1:colcon.colcon_core.package_identification:_identify(.) by extensions ['colcon_meta']
[0.420s] Level 1:colcon.colcon_core.package_identification:_identify(.) by extension 'colcon_meta'
[0.420s] Level 1:colcon.colcon_core.package_identification:_identify(.) by extensions ['ros']
[0.420s] Level 1:colcon.colcon_core.package_identification:_identify(.) by extension 'ros'
[0.433s] Level 1:colcon.colcon_core.package_identification:_identify(.) by extensions ['cmake', 'python']
[0.433s] Level 1:colcon.colcon_core.package_identification:_identify(.) by extension 'cmake'
[0.433s] Level 1:colcon.colcon_core.package_identification:_identify(.) by extension 'python'
[0.433s] Level 1:colcon.colcon_core.package_identification:_identify(.) by extensions ['python_setup_py']
[0.433s] Level 1:colcon.colcon_core.package_identification:_identify(.) by extension 'python_setup_py'
[0.433s] Level 1:colcon.colcon_core.package_identification:_identify(build) by extensions ['ignore', 'ignore_ament_install']
[0.433s] Level 1:colcon.colcon_core.package_identification:_identify(build) by extension 'ignore'
[0.433s] Level 1:colcon.colcon_core.package_identification:_identify(build) ignored
[0.434s] Level 1:colcon.colcon_core.package_identification:_identify(install) by extensions ['ignore', 'ignore_ament_install']
[0.434s] Level 1:colcon.colcon_core.package_identification:_identify(install) by extension 'ignore'
[0.434s] Level 1:colcon.colcon_core.package_identification:_identify(install) ignored
[0.434s] Level 1:colcon.colcon_core.package_identification:_identify(log) by extensions ['ignore', 'ignore_ament_install']
[0.434s] Level 1:colcon.colcon_core.package_identification:_identify(log) by extension 'ignore'
[0.434s] Level 1:colcon.colcon_core.package_identification:_identify(log) ignored
[0.434s] Level 1:colcon.colcon_core.package_identification:_identify(src) by extensions ['ignore', 'ignore_ament_install']
[0.434s] Level 1:colcon.colcon_core.package_identification:_identify(src) by extension 'ignore'
[0.434s] Level 1:colcon.colcon_core.package_identification:_identify(src) by extension 'ignore_ament_install'
[0.434s] Level 1:colcon.colcon_core.package_identification:_identify(src) by extensions ['colcon_pkg']
[0.434s] Level 1:colcon.colcon_core.package_identification:_identify(src) by extension 'colcon_pkg'
[0.435s] Level 1:colcon.colcon_core.package_identification:_identify(src) by extensions ['colcon_meta']
[0.435s] Level 1:colcon.colcon_core.package_identification:_identify(src) by extension 'colcon_meta'
[0.435s] Level 1:colcon.colcon_core.package_identification:_identify(src) by extensions ['ros']
[0.435s] Level 1:colcon.colcon_core.package_identification:_identify(src) by extension 'ros'
[0.435s] Level 1:colcon.colcon_core.package_identification:_identify(src) by extensions ['cmake', 'python']
[0.435s] Level 1:colcon.colcon_core.package_identification:_identify(src) by extension 'cmake'
[0.435s] Level 1:colcon.colcon_core.package_identification:_identify(src) by extension 'python'
[0.435s] Level 1:colcon.colcon_core.package_identification:_identify(src) by extensions ['python_setup_py']
[0.435s] Level 1:colcon.colcon_core.package_identification:_identify(src) by extension 'python_setup_py'
[0.435s] Level 1:colcon.colcon_core.package_identification:_identify(src/example_topic_rclpy) by extensions ['ignore', 'ignore_ament_install']
[0.435s] Level 1:colcon.colcon_core.package_identification:_identify(src/example_topic_rclpy) by extension 'ignore'
[0.435s] Level 1:colcon.colcon_core.package_identification:_identify(src/example_topic_rclpy) by extension 'ignore_ament_install'
[0.435s] Level 1:colcon.colcon_core.package_identification:_identify(src/example_topic_rclpy) by extensions ['colcon_pkg']
[0.435s] Level 1:colcon.colcon_core.package_identification:_identify(src/example_topic_rclpy) by extension 'colcon_pkg'
[0.435s] Level 1:colcon.colcon_core.package_identification:_identify(src/example_topic_rclpy) by extensions ['colcon_meta']
[0.435s] Level 1:colcon.colcon_core.package_identification:_identify(src/example_topic_rclpy) by extension 'colcon_meta'
[0.435s] Level 1:colcon.colcon_core.package_identification:_identify(src/example_topic_rclpy) by extensions ['ros']
[0.435s] Level 1:colcon.colcon_core.package_identification:_identify(src/example_topic_rclpy) by extension 'ros'
[0.438s] DEBUG:colcon.colcon_core.package_identification:Package 'src/example_topic_rclpy' with type 'ros.ament_python' and name 'example_topic_rclpy'
[0.438s] Level 1:colcon.colcon_core.package_identification:_identify(src/opencv_image_viewer) by extensions ['ignore', 'ignore_ament_install']
[0.438s] Level 1:colcon.colcon_core.package_identification:_identify(src/opencv_image_viewer) by extension 'ignore'
[0.438s] Level 1:colcon.colcon_core.package_identification:_identify(src/opencv_image_viewer) by extension 'ignore_ament_install'
[0.438s] Level 1:colcon.colcon_core.package_identification:_identify(src/opencv_image_viewer) by extensions ['colcon_pkg']
[0.438s] Level 1:colcon.colcon_core.package_identification:_identify(src/opencv_image_viewer) by extension 'colcon_pkg'
[0.438s] Level 1:colcon.colcon_core.package_identification:_identify(src/opencv_image_viewer) by extensions ['colcon_meta']
[0.438s] Level 1:colcon.colcon_core.package_identification:_identify(src/opencv_image_viewer) by extension 'colcon_meta'
[0.438s] Level 1:colcon.colcon_core.package_identification:_identify(src/opencv_image_viewer) by extensions ['ros']
[0.439s] Level 1:colcon.colcon_core.package_identification:_identify(src/opencv_image_viewer) by extension 'ros'
[0.439s] DEBUG:colcon.colcon_core.package_identification:Package 'src/opencv_image_viewer' with type 'ros.ament_python' and name 'opencv_image_viewer'
[0.440s] Level 1:colcon.colcon_core.package_identification:_identify(src/opencv_video_node) by extensions ['ignore', 'ignore_ament_install']
[0.440s] Level 1:colcon.colcon_core.package_identification:_identify(src/opencv_video_node) by extension 'ignore'
[0.440s] Level 1:colcon.colcon_core.package_identification:_identify(src/opencv_video_node) by extension 'ignore_ament_install'
[0.440s] Level 1:colcon.colcon_core.package_identification:_identify(src/opencv_video_node) by extensions ['colcon_pkg']
[0.440s] Level 1:colcon.colcon_core.package_identification:_identify(src/opencv_video_node) by extension 'colcon_pkg'
[0.440s] Level 1:colcon.colcon_core.package_identification:_identify(src/opencv_video_node) by extensions ['colcon_meta']
[0.440s] Level 1:colcon.colcon_core.package_identification:_identify(src/opencv_video_node) by extension 'colcon_meta'
[0.440s] Level 1:colcon.colcon_core.package_identification:_identify(src/opencv_video_node) by extensions ['ros']
[0.440s] Level 1:colcon.colcon_core.package_identification:_identify(src/opencv_video_node) by extension 'ros'
[0.441s] DEBUG:colcon.colcon_core.package_identification:Package 'src/opencv_video_node' with type 'ros.ament_python' and name 'opencv_video_node'
[0.441s] Level 1:colcon.colcon_core.package_discovery:discover_packages(recursive) using defaults
[0.441s] Level 1:colcon.colcon_core.package_discovery:discover_packages(ignore) discover
[0.441s] Level 1:colcon.colcon_core.package_discovery:discover_packages(ignore) using defaults
[0.441s] Level 1:colcon.colcon_core.package_discovery:discover_packages(path) discover
[0.441s] Level 1:colcon.colcon_core.package_discovery:discover_packages(path) using defaults
[0.462s] Level 1:colcon.colcon_core.package_discovery:discover_packages(prefix_path) check parameters
[0.463s] Level 1:colcon.colcon_core.package_discovery:discover_packages(prefix_path) discover
[0.465s] DEBUG:colcon.colcon_installed_package_information.package_discovery:Found 270 installed packages in /opt/ros/humble
[0.466s] Level 1:colcon.colcon_core.package_discovery:discover_packages(prefix_path) using defaults
[0.517s] Level 5:colcon.colcon_core.verb:set package 'example_topic_rclpy' build argument 'cmake_args' from command line to 'None'
[0.518s] Level 5:colcon.colcon_core.verb:set package 'example_topic_rclpy' build argument 'cmake_target' from command line to 'None'
[0.518s] Level 5:colcon.colcon_core.verb:set package 'example_topic_rclpy' build argument 'cmake_target_skip_unavailable' from command line to 'False'
[0.518s] Level 5:colcon.colcon_core.verb:set package 'example_topic_rclpy' build argument 'cmake_clean_cache' from command line to 'False'
[0.518s] Level 5:colcon.colcon_core.verb:set package 'example_topic_rclpy' build argument 'cmake_clean_first' from command line to 'False'
[0.518s] Level 5:colcon.colcon_core.verb:set package 'example_topic_rclpy' build argument 'cmake_force_configure' from command line to 'False'
[0.518s] Level 5:colcon.colcon_core.verb:set package 'example_topic_rclpy' build argument 'ament_cmake_args' from command line to 'None'
[0.518s] Level 5:colcon.colcon_core.verb:set package 'example_topic_rclpy' build argument 'catkin_cmake_args' from command line to 'None'
[0.518s] Level 5:colcon.colcon_core.verb:set package 'example_topic_rclpy' build argument 'catkin_skip_building_tests' from command line to 'False'
[0.519s] DEBUG:colcon.colcon_core.verb:Building package 'example_topic_rclpy' with the following arguments: {'ament_cmake_args': None, 'build_base': '/home/dbink/d2lros2/chapt3/chapt3_ws/build/example_topic_rclpy', 'catkin_cmake_args': None, 'catkin_skip_building_tests': False, 'cmake_args': None, 'cmake_clean_cache': False, 'cmake_clean_first': False, 'cmake_force_configure': False, 'cmake_target': None, 'cmake_target_skip_unavailable': False, 'install_base': '/home/dbink/d2lros2/chapt3/chapt3_ws/install/example_topic_rclpy', 'merge_install': False, 'path': '/home/dbink/d2lros2/chapt3/chapt3_ws/src/example_topic_rclpy', 'symlink_install': True, 'test_result_base': None}
[0.519s] Level 5:colcon.colcon_core.verb:set package 'opencv_image_viewer' build argument 'cmake_args' from command line to 'None'
[0.519s] Level 5:colcon.colcon_core.verb:set package 'opencv_image_viewer' build argument 'cmake_target' from command line to 'None'
[0.519s] Level 5:colcon.colcon_core.verb:set package 'opencv_image_viewer' build argument 'cmake_target_skip_unavailable' from command line to 'False'
[0.519s] Level 5:colcon.colcon_core.verb:set package 'opencv_image_viewer' build argument 'cmake_clean_cache' from command line to 'False'
[0.519s] Level 5:colcon.colcon_core.verb:set package 'opencv_image_viewer' build argument 'cmake_clean_first' from command line to 'False'
[0.519s] Level 5:colcon.colcon_core.verb:set package 'opencv_image_viewer' build argument 'cmake_force_configure' from command line to 'False'
[0.519s] Level 5:colcon.colcon_core.verb:set package 'opencv_image_viewer' build argument 'ament_cmake_args' from command line to 'None'
[0.519s] Level 5:colcon.colcon_core.verb:set package 'opencv_image_viewer' build argument 'catkin_cmake_args' from command line to 'None'
[0.519s] Level 5:colcon.colcon_core.verb:set package 'opencv_image_viewer' build argument 'catkin_skip_building_tests' from command line to 'False'
[0.519s] DEBUG:colcon.colcon_core.verb:Building package 'opencv_image_viewer' with the following arguments: {'ament_cmake_args': None, 'build_base': '/home/dbink/d2lros2/chapt3/chapt3_ws/build/opencv_image_viewer', 'catkin_cmake_args': None, 'catkin_skip_building_tests': False, 'cmake_args': None, 'cmake_clean_cache': False, 'cmake_clean_first': False, 'cmake_force_configure': False, 'cmake_target': None, 'cmake_target_skip_unavailable': False, 'install_base': '/home/dbink/d2lros2/chapt3/chapt3_ws/install/opencv_image_viewer', 'merge_install': False, 'path': '/home/dbink/d2lros2/chapt3/chapt3_ws/src/opencv_image_viewer', 'symlink_install': True, 'test_result_base': None}
[0.520s] Level 5:colcon.colcon_core.verb:set package 'opencv_video_node' build argument 'cmake_args' from command line to 'None'
[0.520s] Level 5:colcon.colcon_core.verb:set package 'opencv_video_node' build argument 'cmake_target' from command line to 'None'
[0.520s] Level 5:colcon.colcon_core.verb:set package 'opencv_video_node' build argument 'cmake_target_skip_unavailable' from command line to 'False'
[0.520s] Level 5:colcon.colcon_core.verb:set package 'opencv_video_node' build argument 'cmake_clean_cache' from command line to 'False'
[0.520s] Level 5:colcon.colcon_core.verb:set package 'opencv_video_node' build argument 'cmake_clean_first' from command line to 'False'
[0.520s] Level 5:colcon.colcon_core.verb:set package 'opencv_video_node' build argument 'cmake_force_configure' from command line to 'False'
[0.520s] Level 5:colcon.colcon_core.verb:set package 'opencv_video_node' build argument 'ament_cmake_args' from command line to 'None'
[0.520s] Level 5:colcon.colcon_core.verb:set package 'opencv_video_node' build argument 'catkin_cmake_args' from command line to 'None'
[0.520s] Level 5:colcon.colcon_core.verb:set package 'opencv_video_node' build argument 'catkin_skip_building_tests' from command line to 'False'
[0.520s] DEBUG:colcon.colcon_core.verb:Building package 'opencv_video_node' with the following arguments: {'ament_cmake_args': None, 'build_base': '/home/dbink/d2lros2/chapt3/chapt3_ws/build/opencv_video_node', 'catkin_cmake_args': None, 'catkin_skip_building_tests': False, 'cmake_args': None, 'cmake_clean_cache': False, 'cmake_clean_first': False, 'cmake_force_configure': False, 'cmake_target': None, 'cmake_target_skip_unavailable': False, 'install_base': '/home/dbink/d2lros2/chapt3/chapt3_ws/install/opencv_video_node', 'merge_install': False, 'path': '/home/dbink/d2lros2/chapt3/chapt3_ws/src/opencv_video_node', 'symlink_install': True, 'test_result_base': None}
[0.520s] INFO:colcon.colcon_core.executor:Executing jobs using 'parallel' executor
[0.521s] DEBUG:colcon.colcon_parallel_executor.executor.parallel:run_until_complete
[0.522s] INFO:colcon.colcon_ros.task.ament_python.build:Building ROS package in '/home/dbink/d2lros2/chapt3/chapt3_ws/src/example_topic_rclpy' with build type 'ament_python'
[0.522s] Level 1:colcon.colcon_core.shell:create_environment_hook('example_topic_rclpy', 'ament_prefix_path')
[0.524s] INFO:colcon.colcon_core.plugin_system:Skipping extension 'colcon_core.shell.bat': Not used on non-Windows systems
[0.524s] INFO:colcon.colcon_core.shell:Creating environment hook '/home/dbink/d2lros2/chapt3/chapt3_ws/install/example_topic_rclpy/share/example_topic_rclpy/hook/ament_prefix_path.ps1'
[0.526s] INFO:colcon.colcon_core.shell:Creating environment descriptor '/home/dbink/d2lros2/chapt3/chapt3_ws/install/example_topic_rclpy/share/example_topic_rclpy/hook/ament_prefix_path.dsv'
[0.526s] INFO:colcon.colcon_core.shell:Creating environment hook '/home/dbink/d2lros2/chapt3/chapt3_ws/install/example_topic_rclpy/share/example_topic_rclpy/hook/ament_prefix_path.sh'
[0.527s] INFO:colcon.colcon_core.shell:Skip shell extension 'powershell' for command environment: Not usable outside of PowerShell
[0.527s] DEBUG:colcon.colcon_core.shell:Skip shell extension 'dsv' for command environment
[0.529s] INFO:colcon.colcon_ros.task.ament_python.build:Building ROS package in '/home/dbink/d2lros2/chapt3/chapt3_ws/src/opencv_image_viewer' with build type 'ament_python'
[0.530s] Level 1:colcon.colcon_core.shell:create_environment_hook('opencv_image_viewer', 'ament_prefix_path')
[0.530s] INFO:colcon.colcon_core.shell:Creating environment hook '/home/dbink/d2lros2/chapt3/chapt3_ws/install/opencv_image_viewer/share/opencv_image_viewer/hook/ament_prefix_path.ps1'
[0.531s] INFO:colcon.colcon_core.shell:Creating environment descriptor '/home/dbink/d2lros2/chapt3/chapt3_ws/install/opencv_image_viewer/share/opencv_image_viewer/hook/ament_prefix_path.dsv'
[0.531s] INFO:colcon.colcon_core.shell:Creating environment hook '/home/dbink/d2lros2/chapt3/chapt3_ws/install/opencv_image_viewer/share/opencv_image_viewer/hook/ament_prefix_path.sh'
[0.532s] INFO:colcon.colcon_core.shell:Skip shell extension 'powershell' for command environment: Not usable outside of PowerShell
[0.532s] DEBUG:colcon.colcon_core.shell:Skip shell extension 'dsv' for command environment
[0.535s] INFO:colcon.colcon_ros.task.ament_python.build:Building ROS package in '/home/dbink/d2lros2/chapt3/chapt3_ws/src/opencv_video_node' with build type 'ament_python'
[0.535s] Level 1:colcon.colcon_core.shell:create_environment_hook('opencv_video_node', 'ament_prefix_path')
[0.535s] INFO:colcon.colcon_core.shell:Creating environment hook '/home/dbink/d2lros2/chapt3/chapt3_ws/install/opencv_video_node/share/opencv_video_node/hook/ament_prefix_path.ps1'
[0.537s] INFO:colcon.colcon_core.shell:Creating environment descriptor '/home/dbink/d2lros2/chapt3/chapt3_ws/install/opencv_video_node/share/opencv_video_node/hook/ament_prefix_path.dsv'
[0.538s] INFO:colcon.colcon_core.shell:Creating environment hook '/home/dbink/d2lros2/chapt3/chapt3_ws/install/opencv_video_node/share/opencv_video_node/hook/ament_prefix_path.sh'
[0.538s] INFO:colcon.colcon_core.shell:Skip shell extension 'powershell' for command environment: Not usable outside of PowerShell
[0.539s] DEBUG:colcon.colcon_core.shell:Skip shell extension 'dsv' for command environment
[0.797s] INFO:colcon.colcon_core.task.python.build:Building Python package in '/home/dbink/d2lros2/chapt3/chapt3_ws/src/example_topic_rclpy'
[0.797s] INFO:colcon.colcon_core.shell:Skip shell extension 'powershell' for command environment: Not usable outside of PowerShell
[0.797s] DEBUG:colcon.colcon_core.shell:Skip shell extension 'dsv' for command environment
[1.077s] INFO:colcon.colcon_core.task.python.build:Building Python package in '/home/dbink/d2lros2/chapt3/chapt3_ws/src/opencv_image_viewer'
[1.078s] INFO:colcon.colcon_core.shell:Skip shell extension 'powershell' for command environment: Not usable outside of PowerShell
[1.078s] DEBUG:colcon.colcon_core.shell:Skip shell extension 'dsv' for command environment
[1.325s] INFO:colcon.colcon_core.task.python.build:Building Python package in '/home/dbink/d2lros2/chapt3/chapt3_ws/src/opencv_video_node'
[1.325s] INFO:colcon.colcon_core.shell:Skip shell extension 'powershell' for command environment: Not usable outside of PowerShell
[1.325s] DEBUG:colcon.colcon_core.shell:Skip shell extension 'dsv' for command environment
[1.778s] DEBUG:colcon.colcon_core.event_handler.log_command:Invoking command in '/home/dbink/d2lros2/chapt3/chapt3_ws/build/example_topic_rclpy': PYTHONPATH=/home/dbink/d2lros2/chapt3/chapt3_ws/build/example_topic_rclpy/prefix_override:/home/dbink/d2lros2/chapt3/chapt3_ws/install/example_topic_rclpy/lib/python3.10/site-packages:${PYTHONPATH} /usr/bin/python3 -W ignore:setup.py install is deprecated setup.py develop --editable --build-directory /home/dbink/d2lros2/chapt3/chapt3_ws/build/example_topic_rclpy/build --no-deps symlink_data
[1.787s] DEBUG:colcon.colcon_core.event_handler.log_command:Invoking command in '/home/dbink/d2lros2/chapt3/chapt3_ws/build/opencv_image_viewer': PYTHONPATH=/home/dbink/d2lros2/chapt3/chapt3_ws/build/opencv_image_viewer/prefix_override:/home/dbink/d2lros2/chapt3/chapt3_ws/install/opencv_image_viewer/lib/python3.10/site-packages:${PYTHONPATH} /usr/bin/python3 -W ignore:setup.py install is deprecated setup.py develop --editable --build-directory /home/dbink/d2lros2/chapt3/chapt3_ws/build/opencv_image_viewer/build --no-deps symlink_data
[1.792s] DEBUG:colcon.colcon_core.event_handler.log_command:Invoking command in '/home/dbink/d2lros2/chapt3/chapt3_ws/build/opencv_video_node': PYTHONPATH=/home/dbink/d2lros2/chapt3/chapt3_ws/build/opencv_video_node/prefix_override:/home/dbink/d2lros2/chapt3/chapt3_ws/install/opencv_video_node/lib/python3.10/site-packages:${PYTHONPATH} /usr/bin/python3 -W ignore:setup.py install is deprecated setup.py develop --editable --build-directory /home/dbink/d2lros2/chapt3/chapt3_ws/build/opencv_video_node/build --no-deps symlink_data
[2.253s] Level 1:colcon.colcon_core.shell:create_environment_hook('opencv_image_viewer', 'pythonpath_develop')
[2.255s] INFO:colcon.colcon_core.shell:Creating environment hook '/home/dbink/d2lros2/chapt3/chapt3_ws/build/opencv_image_viewer/share/opencv_image_viewer/hook/pythonpath_develop.ps1'
[2.257s] DEBUG:colcon.colcon_core.event_handler.log_command:Invoked command in '/home/dbink/d2lros2/chapt3/chapt3_ws/build/opencv_image_viewer' returned '0': PYTHONPATH=/home/dbink/d2lros2/chapt3/chapt3_ws/build/opencv_image_viewer/prefix_override:/home/dbink/d2lros2/chapt3/chapt3_ws/install/opencv_image_viewer/lib/python3.10/site-packages:${PYTHONPATH} /usr/bin/python3 -W ignore:setup.py install is deprecated setup.py develop --editable --build-directory /home/dbink/d2lros2/chapt3/chapt3_ws/build/opencv_image_viewer/build --no-deps symlink_data
[2.259s] INFO:colcon.colcon_core.shell:Creating environment descriptor '/home/dbink/d2lros2/chapt3/chapt3_ws/build/opencv_image_viewer/share/opencv_image_viewer/hook/pythonpath_develop.dsv'
[2.260s] INFO:colcon.colcon_core.shell:Creating environment hook '/home/dbink/d2lros2/chapt3/chapt3_ws/build/opencv_image_viewer/share/opencv_image_viewer/hook/pythonpath_develop.sh'
[2.266s] Level 1:colcon.colcon_core.environment:checking '/home/dbink/d2lros2/chapt3/chapt3_ws/install/opencv_image_viewer' for CMake module files
[2.267s] Level 1:colcon.colcon_core.environment:checking '/home/dbink/d2lros2/chapt3/chapt3_ws/install/opencv_image_viewer' for CMake config files
[2.268s] Level 1:colcon.colcon_core.environment:checking '/home/dbink/d2lros2/chapt3/chapt3_ws/install/opencv_image_viewer/lib'
[2.268s] Level 1:colcon.colcon_core.environment:checking '/home/dbink/d2lros2/chapt3/chapt3_ws/install/opencv_image_viewer/bin'
[2.268s] Level 1:colcon.colcon_core.environment:checking '/home/dbink/d2lros2/chapt3/chapt3_ws/install/opencv_image_viewer/lib/pkgconfig/opencv_image_viewer.pc'
[2.269s] Level 1:colcon.colcon_core.environment:checking '/home/dbink/d2lros2/chapt3/chapt3_ws/install/opencv_image_viewer/lib/python3.10/site-packages'
[2.269s] Level 1:colcon.colcon_core.shell:create_environment_hook('opencv_image_viewer', 'pythonpath')
[2.269s] INFO:colcon.colcon_core.shell:Creating environment hook '/home/dbink/d2lros2/chapt3/chapt3_ws/install/opencv_image_viewer/share/opencv_image_viewer/hook/pythonpath.ps1'
[2.270s] INFO:colcon.colcon_core.shell:Creating environment descriptor '/home/dbink/d2lros2/chapt3/chapt3_ws/install/opencv_image_viewer/share/opencv_image_viewer/hook/pythonpath.dsv'
[2.270s] INFO:colcon.colcon_core.shell:Creating environment hook '/home/dbink/d2lros2/chapt3/chapt3_ws/install/opencv_image_viewer/share/opencv_image_viewer/hook/pythonpath.sh'
[2.270s] Level 1:colcon.colcon_core.environment:checking '/home/dbink/d2lros2/chapt3/chapt3_ws/install/opencv_image_viewer/bin'
[2.271s] Level 1:colcon.colcon_core.environment:create_environment_scripts_only(opencv_image_viewer)
[2.271s] INFO:colcon.colcon_core.shell:Creating package script '/home/dbink/d2lros2/chapt3/chapt3_ws/install/opencv_image_viewer/share/opencv_image_viewer/package.ps1'
[2.272s] INFO:colcon.colcon_core.shell:Creating package descriptor '/home/dbink/d2lros2/chapt3/chapt3_ws/install/opencv_image_viewer/share/opencv_image_viewer/package.dsv'
[2.273s] INFO:colcon.colcon_core.shell:Creating package script '/home/dbink/d2lros2/chapt3/chapt3_ws/install/opencv_image_viewer/share/opencv_image_viewer/package.sh'
[2.274s] INFO:colcon.colcon_core.shell:Creating package script '/home/dbink/d2lros2/chapt3/chapt3_ws/install/opencv_image_viewer/share/opencv_image_viewer/package.bash'
[2.274s] INFO:colcon.colcon_core.shell:Creating package script '/home/dbink/d2lros2/chapt3/chapt3_ws/install/opencv_image_viewer/share/opencv_image_viewer/package.zsh'
[2.275s] Level 1:colcon.colcon_core.environment:create_file_with_runtime_dependencies(/home/dbink/d2lros2/chapt3/chapt3_ws/install/opencv_image_viewer/share/colcon-core/packages/opencv_image_viewer)
[2.287s] Level 1:colcon.colcon_core.shell:create_environment_hook('example_topic_rclpy', 'pythonpath_develop')
[2.288s] INFO:colcon.colcon_core.shell:Creating environment hook '/home/dbink/d2lros2/chapt3/chapt3_ws/build/example_topic_rclpy/share/example_topic_rclpy/hook/pythonpath_develop.ps1'
[2.289s] DEBUG:colcon.colcon_core.event_handler.log_command:Invoked command in '/home/dbink/d2lros2/chapt3/chapt3_ws/build/example_topic_rclpy' returned '0': PYTHONPATH=/home/dbink/d2lros2/chapt3/chapt3_ws/build/example_topic_rclpy/prefix_override:/home/dbink/d2lros2/chapt3/chapt3_ws/install/example_topic_rclpy/lib/python3.10/site-packages:${PYTHONPATH} /usr/bin/python3 -W ignore:setup.py install is deprecated setup.py develop --editable --build-directory /home/dbink/d2lros2/chapt3/chapt3_ws/build/example_topic_rclpy/build --no-deps symlink_data
[2.290s] INFO:colcon.colcon_core.shell:Creating environment descriptor '/home/dbink/d2lros2/chapt3/chapt3_ws/build/example_topic_rclpy/share/example_topic_rclpy/hook/pythonpath_develop.dsv'
[2.290s] INFO:colcon.colcon_core.shell:Creating environment hook '/home/dbink/d2lros2/chapt3/chapt3_ws/build/example_topic_rclpy/share/example_topic_rclpy/hook/pythonpath_develop.sh'
[2.291s] Level 1:colcon.colcon_core.environment:checking '/home/dbink/d2lros2/chapt3/chapt3_ws/install/example_topic_rclpy' for CMake module files
[2.291s] Level 1:colcon.colcon_core.environment:checking '/home/dbink/d2lros2/chapt3/chapt3_ws/install/example_topic_rclpy' for CMake config files
[2.292s] Level 1:colcon.colcon_core.environment:checking '/home/dbink/d2lros2/chapt3/chapt3_ws/install/example_topic_rclpy/lib'
[2.292s] Level 1:colcon.colcon_core.environment:checking '/home/dbink/d2lros2/chapt3/chapt3_ws/install/example_topic_rclpy/bin'
[2.292s] Level 1:colcon.colcon_core.environment:checking '/home/dbink/d2lros2/chapt3/chapt3_ws/install/example_topic_rclpy/lib/pkgconfig/example_topic_rclpy.pc'
[2.292s] Level 1:colcon.colcon_core.environment:checking '/home/dbink/d2lros2/chapt3/chapt3_ws/install/example_topic_rclpy/lib/python3.10/site-packages'
[2.292s] Level 1:colcon.colcon_core.shell:create_environment_hook('example_topic_rclpy', 'pythonpath')
[2.293s] INFO:colcon.colcon_core.shell:Creating environment hook '/home/dbink/d2lros2/chapt3/chapt3_ws/install/example_topic_rclpy/share/example_topic_rclpy/hook/pythonpath.ps1'
[2.293s] INFO:colcon.colcon_core.shell:Creating environment descriptor '/home/dbink/d2lros2/chapt3/chapt3_ws/install/example_topic_rclpy/share/example_topic_rclpy/hook/pythonpath.dsv'
[2.293s] INFO:colcon.colcon_core.shell:Creating environment hook '/home/dbink/d2lros2/chapt3/chapt3_ws/install/example_topic_rclpy/share/example_topic_rclpy/hook/pythonpath.sh'
[2.294s] Level 1:colcon.colcon_core.environment:checking '/home/dbink/d2lros2/chapt3/chapt3_ws/install/example_topic_rclpy/bin'
[2.294s] Level 1:colcon.colcon_core.environment:create_environment_scripts_only(example_topic_rclpy)
[2.294s] INFO:colcon.colcon_core.shell:Creating package script '/home/dbink/d2lros2/chapt3/chapt3_ws/install/example_topic_rclpy/share/example_topic_rclpy/package.ps1'
[2.295s] INFO:colcon.colcon_core.shell:Creating package descriptor '/home/dbink/d2lros2/chapt3/chapt3_ws/install/example_topic_rclpy/share/example_topic_rclpy/package.dsv'
[2.296s] INFO:colcon.colcon_core.shell:Creating package script '/home/dbink/d2lros2/chapt3/chapt3_ws/install/example_topic_rclpy/share/example_topic_rclpy/package.sh'
[2.298s] INFO:colcon.colcon_core.shell:Creating package script '/home/dbink/d2lros2/chapt3/chapt3_ws/install/example_topic_rclpy/share/example_topic_rclpy/package.bash'
[2.298s] INFO:colcon.colcon_core.shell:Creating package script '/home/dbink/d2lros2/chapt3/chapt3_ws/install/example_topic_rclpy/share/example_topic_rclpy/package.zsh'
[2.299s] Level 1:colcon.colcon_core.environment:create_file_with_runtime_dependencies(/home/dbink/d2lros2/chapt3/chapt3_ws/install/example_topic_rclpy/share/colcon-core/packages/example_topic_rclpy)
[2.303s] Level 1:colcon.colcon_core.shell:create_environment_hook('opencv_video_node', 'pythonpath_develop')
[2.304s] INFO:colcon.colcon_core.shell:Creating environment hook '/home/dbink/d2lros2/chapt3/chapt3_ws/build/opencv_video_node/share/opencv_video_node/hook/pythonpath_develop.ps1'
[2.305s] DEBUG:colcon.colcon_core.event_handler.log_command:Invoked command in '/home/dbink/d2lros2/chapt3/chapt3_ws/build/opencv_video_node' returned '0': PYTHONPATH=/home/dbink/d2lros2/chapt3/chapt3_ws/build/opencv_video_node/prefix_override:/home/dbink/d2lros2/chapt3/chapt3_ws/install/opencv_video_node/lib/python3.10/site-packages:${PYTHONPATH} /usr/bin/python3 -W ignore:setup.py install is deprecated setup.py develop --editable --build-directory /home/dbink/d2lros2/chapt3/chapt3_ws/build/opencv_video_node/build --no-deps symlink_data
[2.306s] INFO:colcon.colcon_core.shell:Creating environment descriptor '/home/dbink/d2lros2/chapt3/chapt3_ws/build/opencv_video_node/share/opencv_video_node/hook/pythonpath_develop.dsv'
[2.306s] INFO:colcon.colcon_core.shell:Creating environment hook '/home/dbink/d2lros2/chapt3/chapt3_ws/build/opencv_video_node/share/opencv_video_node/hook/pythonpath_develop.sh'
[2.307s] Level 1:colcon.colcon_core.environment:checking '/home/dbink/d2lros2/chapt3/chapt3_ws/install/opencv_video_node' for CMake module files
[2.307s] Level 1:colcon.colcon_core.environment:checking '/home/dbink/d2lros2/chapt3/chapt3_ws/install/opencv_video_node' for CMake config files
[2.308s] Level 1:colcon.colcon_core.environment:checking '/home/dbink/d2lros2/chapt3/chapt3_ws/install/opencv_video_node/lib'
[2.308s] Level 1:colcon.colcon_core.environment:checking '/home/dbink/d2lros2/chapt3/chapt3_ws/install/opencv_video_node/bin'
[2.308s] Level 1:colcon.colcon_core.environment:checking '/home/dbink/d2lros2/chapt3/chapt3_ws/install/opencv_video_node/lib/pkgconfig/opencv_video_node.pc'
[2.308s] Level 1:colcon.colcon_core.environment:checking '/home/dbink/d2lros2/chapt3/chapt3_ws/install/opencv_video_node/lib/python3.10/site-packages'
[2.308s] Level 1:colcon.colcon_core.shell:create_environment_hook('opencv_video_node', 'pythonpath')
[2.309s] INFO:colcon.colcon_core.shell:Creating environment hook '/home/dbink/d2lros2/chapt3/chapt3_ws/install/opencv_video_node/share/opencv_video_node/hook/pythonpath.ps1'
[2.309s] INFO:colcon.colcon_core.shell:Creating environment descriptor '/home/dbink/d2lros2/chapt3/chapt3_ws/install/opencv_video_node/share/opencv_video_node/hook/pythonpath.dsv'
[2.309s] INFO:colcon.colcon_core.shell:Creating environment hook '/home/dbink/d2lros2/chapt3/chapt3_ws/install/opencv_video_node/share/opencv_video_node/hook/pythonpath.sh'
[2.311s] Level 1:colcon.colcon_core.environment:checking '/home/dbink/d2lros2/chapt3/chapt3_ws/install/opencv_video_node/bin'
[2.311s] Level 1:colcon.colcon_core.environment:create_environment_scripts_only(opencv_video_node)
[2.312s] INFO:colcon.colcon_core.shell:Creating package script '/home/dbink/d2lros2/chapt3/chapt3_ws/install/opencv_video_node/share/opencv_video_node/package.ps1'
[2.312s] INFO:colcon.colcon_core.shell:Creating package descriptor '/home/dbink/d2lros2/chapt3/chapt3_ws/install/opencv_video_node/share/opencv_video_node/package.dsv'
[2.313s] INFO:colcon.colcon_core.shell:Creating package script '/home/dbink/d2lros2/chapt3/chapt3_ws/install/opencv_video_node/share/opencv_video_node/package.sh'
[2.313s] INFO:colcon.colcon_core.shell:Creating package script '/home/dbink/d2lros2/chapt3/chapt3_ws/install/opencv_video_node/share/opencv_video_node/package.bash'
[2.314s] INFO:colcon.colcon_core.shell:Creating package script '/home/dbink/d2lros2/chapt3/chapt3_ws/install/opencv_video_node/share/opencv_video_node/package.zsh'
[2.314s] Level 1:colcon.colcon_core.environment:create_file_with_runtime_dependencies(/home/dbink/d2lros2/chapt3/chapt3_ws/install/opencv_video_node/share/colcon-core/packages/opencv_video_node)
[2.315s] DEBUG:colcon.colcon_parallel_executor.executor.parallel:closing loop
[2.316s] DEBUG:colcon.colcon_parallel_executor.executor.parallel:loop closed
[2.316s] DEBUG:colcon.colcon_parallel_executor.executor.parallel:run_until_complete finished with '0'
[2.316s] DEBUG:colcon.colcon_core.event_reactor:joining thread
[2.409s] INFO:colcon.colcon_core.plugin_system:Skipping extension 'colcon_notification.desktop_notification.notify_send': Could not find 'notify-send'
[2.409s] INFO:colcon.colcon_core.plugin_system:Skipping extension 'colcon_notification.desktop_notification.terminal_notifier': Not used on non-Darwin systems
[2.409s] INFO:colcon.colcon_core.plugin_system:Skipping extension 'colcon_notification.desktop_notification.win32': Not used on non-Windows systems
[2.409s] INFO:colcon.colcon_notification.desktop_notification:Sending desktop notification using 'notify2'
[2.410s] DEBUG:colcon.colcon_notification.desktop_notification.notify2:Failed to initialize notify2: org.freedesktop.DBus.Error.FileNotFound: Failed to connect to socket /run/user/1000/bus: No such file or directory
[2.410s] DEBUG:colcon.colcon_core.event_reactor:joined thread
[2.410s] INFO:colcon.colcon_core.shell:Creating prefix script '/home/dbink/d2lros2/chapt3/chapt3_ws/install/local_setup.ps1'
[2.411s] INFO:colcon.colcon_core.shell:Creating prefix util module '/home/dbink/d2lros2/chapt3/chapt3_ws/install/_local_setup_util_ps1.py'
[2.412s] INFO:colcon.colcon_core.shell:Creating prefix chain script '/home/dbink/d2lros2/chapt3/chapt3_ws/install/setup.ps1'
[2.413s] INFO:colcon.colcon_core.shell:Creating prefix script '/home/dbink/d2lros2/chapt3/chapt3_ws/install/local_setup.sh'
[2.414s] INFO:colcon.colcon_core.shell:Creating prefix util module '/home/dbink/d2lros2/chapt3/chapt3_ws/install/_local_setup_util_sh.py'
[2.414s] INFO:colcon.colcon_core.shell:Creating prefix chain script '/home/dbink/d2lros2/chapt3/chapt3_ws/install/setup.sh'
[2.415s] INFO:colcon.colcon_core.shell:Creating prefix script '/home/dbink/d2lros2/chapt3/chapt3_ws/install/local_setup.bash'
[2.416s] INFO:colcon.colcon_core.shell:Creating prefix chain script '/home/dbink/d2lros2/chapt3/chapt3_ws/install/setup.bash'
[2.417s] INFO:colcon.colcon_core.shell:Creating prefix script '/home/dbink/d2lros2/chapt3/chapt3_ws/install/local_setup.zsh'
[2.417s] INFO:colcon.colcon_core.shell:Creating prefix chain script '/home/dbink/d2lros2/chapt3/chapt3_ws/install/setup.zsh'
